2024-03-11 21:49:14 INFO  Log:23 - Browser is going to open with url
2024-03-11 21:49:28 INFO  Log:12 - =====================================clicksignUp TEST START=========================================
2024-03-11 21:49:28 INFO  Log:23 - clicking on signin button
2024-03-11 21:49:30 INFO  Log:23 - clicked on sign in button
2024-03-11 21:49:30 INFO  Log:16 - =====================================clicksignup TEST END=========================================
2024-03-11 21:49:30 INFO  Log:23 - browser is going to close
2024-03-11 21:49:31 INFO  Log:23 - Browser is going to open with url
2024-03-11 21:49:43 INFO  Log:12 - =====================================titleee TEST START=========================================
2024-03-11 21:49:43 INFO  Log:23 - verifying act tile with expected title
2024-03-11 21:49:43 INFO  Log:23 - title verification success
2024-03-11 21:49:43 INFO  Log:16 - =====================================titleee TEST END=========================================
2024-03-11 21:49:43 INFO  Log:23 - browser is going to close
2024-03-11 21:49:44 INFO  Log:23 - Browser is going to open with url
2024-03-11 21:49:56 INFO  Log:12 - =====================================verifyLogo TEST START=========================================
2024-03-11 21:49:56 INFO  Log:23 - index page logo validation starts
2024-03-11 21:49:56 INFO  Log:23 - Logo is verified successfully
2024-03-11 21:49:56 INFO  Log:16 - =====================================verifyLogo TEST END=========================================
2024-03-11 21:49:56 INFO  Log:23 - browser is going to close
2024-03-12 10:52:18 INFO  Log:23 - Browser is going to open with url
2024-03-12 10:52:30 INFO  Log:12 - =====================================clicksignUp TEST START=========================================
2024-03-12 10:52:30 INFO  Log:23 - clicking on signin button
2024-03-12 10:52:32 INFO  Log:23 - clicked on sign in button
2024-03-12 10:52:32 INFO  Log:16 - =====================================clicksignup TEST END=========================================
2024-03-12 10:52:32 INFO  Log:23 - browser is going to close
2024-03-12 10:52:33 INFO  Log:23 - Browser is going to open with url
2024-03-12 10:52:45 INFO  Log:12 - =====================================titleee TEST START=========================================
2024-03-12 10:52:45 INFO  Log:23 - verifying act tile with expected title
2024-03-12 10:52:45 INFO  Log:23 - title verification success
2024-03-12 10:52:45 INFO  Log:16 - =====================================titleee TEST END=========================================
2024-03-12 10:52:45 INFO  Log:23 - browser is going to close
2024-03-12 10:52:46 INFO  Log:23 - Browser is going to open with url
2024-03-12 10:52:59 INFO  Log:12 - =====================================verifyLogo TEST START=========================================
2024-03-12 10:52:59 INFO  Log:23 - index page logo validation starts
2024-03-12 10:52:59 INFO  Log:23 - Logo is verified successfully
2024-03-12 10:52:59 INFO  Log:16 - =====================================verifyLogo TEST END=========================================
2024-03-12 10:52:59 INFO  Log:23 - browser is going to close
2024-03-12 12:04:56 INFO  Log:23 - Browser is going to open with url
2024-03-12 12:05:09 INFO  Log:12 - =====================================clicksignUp TEST START=========================================
2024-03-12 12:05:09 INFO  Log:23 - clicking on signin button
2024-03-12 12:05:11 INFO  Log:23 - clicked on sign in button
2024-03-12 12:05:11 INFO  Log:16 - =====================================clicksignup TEST END=========================================
2024-03-12 12:05:11 INFO  Log:23 - browser is going to close
2024-03-12 12:05:12 INFO  Log:23 - Browser is going to open with url
2024-03-12 12:05:25 INFO  Log:12 - =====================================titleee TEST START=========================================
2024-03-12 12:05:25 INFO  Log:23 - verifying act tile with expected title
2024-03-12 12:05:25 INFO  Log:23 - title verification success
2024-03-12 12:05:25 INFO  Log:16 - =====================================titleee TEST END=========================================
2024-03-12 12:05:25 INFO  Log:23 - browser is going to close
2024-03-12 16:04:17 INFO  Log:23 - Browser is going to open with url
2024-03-12 16:04:29 INFO  Log:12 - =====================================clicksignUp TEST START=========================================
2024-03-12 16:04:29 INFO  Log:23 - clicking on signin button
2024-03-12 16:04:31 INFO  Log:23 - clicked on sign in button
2024-03-12 16:04:31 INFO  Log:16 - =====================================clicksignup TEST END=========================================
2024-03-12 16:04:31 INFO  Log:23 - browser is going to close
2024-03-12 16:04:32 INFO  Log:23 - Browser is going to open with url
2024-03-12 16:04:44 INFO  Log:12 - =====================================titleee TEST START=========================================
2024-03-12 16:04:44 INFO  Log:23 - verifying act tile with expected title
2024-03-12 16:04:44 INFO  Log:23 - title verification success
2024-03-12 16:04:44 INFO  Log:16 - =====================================titleee TEST END=========================================
2024-03-12 16:04:44 INFO  Log:23 - browser is going to close
2024-03-12 16:04:45 INFO  Log:23 - Browser is going to open with url
2024-03-12 16:04:57 INFO  Log:12 - =====================================verifyLogo TEST START=========================================
2024-03-12 16:04:57 INFO  Log:23 - index page logo validation starts
2024-03-12 16:04:57 INFO  Log:23 - Logo is verified successfully
2024-03-12 16:04:57 INFO  Log:16 - =====================================verifyLogo TEST END=========================================
2024-03-12 16:04:57 INFO  Log:23 - browser is going to close
2024-03-12 16:13:33 DEBUG cache:45 - Couldn't find template in cache for "v3html/v3-html-index.ftl"("en", UTF-8, parsed); will try to load it.
2024-03-12 16:13:33 DEBUG cache:45 - TemplateLoader.findTemplateSource("v3html/v3-html-index_en.ftl"): Not found
2024-03-12 16:13:33 DEBUG cache:45 - TemplateLoader.findTemplateSource("v3html/v3-html-index.ftl"): Found
2024-03-12 16:13:33 DEBUG cache:45 - Loading template for "v3html/v3-html-index.ftl"("en", UTF-8, parsed) from "jar:file:/C:/Users/User/.m2/repository/com/aventstack/extentreports/4.0.9/extentreports-4.0.9.jar!/com/aventstack/extentreports/view/v3html/v3-html-index.ftl"
2024-03-12 16:13:33 DEBUG cache:45 - Couldn't find template in cache for "v3html/v3-html-head.ftl"("en", UTF-8, parsed); will try to load it.
2024-03-12 16:13:33 DEBUG cache:45 - TemplateLoader.findTemplateSource("v3html/v3-html-head_en.ftl"): Not found
2024-03-12 16:13:33 DEBUG cache:45 - TemplateLoader.findTemplateSource("v3html/v3-html-head.ftl"): Found
2024-03-12 16:13:33 DEBUG cache:45 - Loading template for "v3html/v3-html-head.ftl"("en", UTF-8, parsed) from "jar:file:/C:/Users/User/.m2/repository/com/aventstack/extentreports/4.0.9/extentreports-4.0.9.jar!/com/aventstack/extentreports/view/v3html/v3-html-head.ftl"
2024-03-12 16:13:33 DEBUG cache:45 - Couldn't find template in cache for "v3html/v3-html-nav.ftl"("en", UTF-8, parsed); will try to load it.
2024-03-12 16:13:33 DEBUG cache:45 - TemplateLoader.findTemplateSource("v3html/v3-html-nav_en.ftl"): Not found
2024-03-12 16:13:33 DEBUG cache:45 - TemplateLoader.findTemplateSource("v3html/v3-html-nav.ftl"): Found
2024-03-12 16:13:33 DEBUG cache:45 - Loading template for "v3html/v3-html-nav.ftl"("en", UTF-8, parsed) from "jar:file:/C:/Users/User/.m2/repository/com/aventstack/extentreports/4.0.9/extentreports-4.0.9.jar!/com/aventstack/extentreports/view/v3html/v3-html-nav.ftl"
2024-03-12 16:13:33 DEBUG cache:45 - Couldn't find template in cache for "v3html/test-view/v3-html-test-view.ftl"("en", UTF-8, parsed); will try to load it.
2024-03-12 16:13:33 DEBUG cache:45 - TemplateLoader.findTemplateSource("v3html/test-view/v3-html-test-view_en.ftl"): Not found
2024-03-12 16:13:33 DEBUG cache:45 - TemplateLoader.findTemplateSource("v3html/test-view/v3-html-test-view.ftl"): Found
2024-03-12 16:13:33 DEBUG cache:45 - Loading template for "v3html/test-view/v3-html-test-view.ftl"("en", UTF-8, parsed) from "jar:file:/C:/Users/User/.m2/repository/com/aventstack/extentreports/4.0.9/extentreports-4.0.9.jar!/com/aventstack/extentreports/view/v3html/test-view/v3-html-test-view.ftl"
2024-03-12 16:13:33 DEBUG cache:45 - Couldn't find template in cache for "v3html/test-view/v3-html-test-view-charts.ftl"("en", UTF-8, parsed); will try to load it.
2024-03-12 16:13:33 DEBUG cache:45 - TemplateLoader.findTemplateSource("v3html/test-view/v3-html-test-view-charts_en.ftl"): Not found
2024-03-12 16:13:33 DEBUG cache:45 - TemplateLoader.findTemplateSource("v3html/test-view/v3-html-test-view-charts.ftl"): Found
2024-03-12 16:13:33 DEBUG cache:45 - Loading template for "v3html/test-view/v3-html-test-view-charts.ftl"("en", UTF-8, parsed) from "jar:file:/C:/Users/User/.m2/repository/com/aventstack/extentreports/4.0.9/extentreports-4.0.9.jar!/com/aventstack/extentreports/view/v3html/test-view/v3-html-test-view-charts.ftl"
2024-03-12 16:13:33 DEBUG cache:45 - Couldn't find template in cache for "v3html/test-view/v3-html-standard.ftl"("en", UTF-8, parsed); will try to load it.
2024-03-12 16:13:33 DEBUG cache:45 - TemplateLoader.findTemplateSource("v3html/test-view/v3-html-standard_en.ftl"): Not found
2024-03-12 16:13:33 DEBUG cache:45 - TemplateLoader.findTemplateSource("v3html/test-view/v3-html-standard.ftl"): Found
2024-03-12 16:13:33 DEBUG cache:45 - Loading template for "v3html/test-view/v3-html-standard.ftl"("en", UTF-8, parsed) from "jar:file:/C:/Users/User/.m2/repository/com/aventstack/extentreports/4.0.9/extentreports-4.0.9.jar!/com/aventstack/extentreports/view/v3html/test-view/v3-html-standard.ftl"
2024-03-12 16:13:33 DEBUG cache:45 - "v3html/test-view/v3-html-standard.ftl"("en", UTF-8, parsed) cached copy not yet stale; using cached.
2024-03-12 16:13:33 DEBUG cache:45 - "v3html/test-view/v3-html-standard.ftl"("en", UTF-8, parsed) cached copy not yet stale; using cached.
2024-03-12 16:13:33 DEBUG cache:45 - "v3html/test-view/v3-html-standard.ftl"("en", UTF-8, parsed) cached copy not yet stale; using cached.
2024-03-12 16:13:33 DEBUG cache:45 - "v3html/test-view/v3-html-standard.ftl"("en", UTF-8, parsed) cached copy not yet stale; using cached.
2024-03-12 16:13:33 DEBUG cache:45 - "v3html/test-view/v3-html-standard.ftl"("en", UTF-8, parsed) cached copy not yet stale; using cached.
2024-03-12 16:13:33 DEBUG cache:45 - "v3html/test-view/v3-html-standard.ftl"("en", UTF-8, parsed) cached copy not yet stale; using cached.
2024-03-12 16:13:33 DEBUG cache:45 - "v3html/test-view/v3-html-standard.ftl"("en", UTF-8, parsed) cached copy not yet stale; using cached.
2024-03-12 16:13:33 DEBUG cache:45 - "v3html/test-view/v3-html-standard.ftl"("en", UTF-8, parsed) cached copy not yet stale; using cached.
2024-03-12 16:13:33 DEBUG cache:45 - "v3html/test-view/v3-html-standard.ftl"("en", UTF-8, parsed) cached copy not yet stale; using cached.
2024-03-12 16:13:33 DEBUG cache:45 - "v3html/test-view/v3-html-standard.ftl"("en", UTF-8, parsed) cached copy not yet stale; using cached.
2024-03-12 16:13:33 DEBUG cache:45 - "v3html/test-view/v3-html-standard.ftl"("en", UTF-8, parsed) cached copy not yet stale; using cached.
2024-03-12 16:13:33 DEBUG cache:45 - "v3html/test-view/v3-html-standard.ftl"("en", UTF-8, parsed) cached copy not yet stale; using cached.
2024-03-12 16:13:33 DEBUG cache:45 - Couldn't find template in cache for "v3html/category-view/v3-html-category-view.ftl"("en", UTF-8, parsed); will try to load it.
2024-03-12 16:13:33 DEBUG cache:45 - TemplateLoader.findTemplateSource("v3html/category-view/v3-html-category-view_en.ftl"): Not found
2024-03-12 16:13:33 DEBUG cache:45 - TemplateLoader.findTemplateSource("v3html/category-view/v3-html-category-view.ftl"): Found
2024-03-12 16:13:33 DEBUG cache:45 - Loading template for "v3html/category-view/v3-html-category-view.ftl"("en", UTF-8, parsed) from "jar:file:/C:/Users/User/.m2/repository/com/aventstack/extentreports/4.0.9/extentreports-4.0.9.jar!/com/aventstack/extentreports/view/v3html/category-view/v3-html-category-view.ftl"
2024-03-12 16:13:33 DEBUG cache:45 - Couldn't find template in cache for "v3html/exception-view/v3-html-exception-view.ftl"("en", UTF-8, parsed); will try to load it.
2024-03-12 16:13:33 DEBUG cache:45 - TemplateLoader.findTemplateSource("v3html/exception-view/v3-html-exception-view_en.ftl"): Not found
2024-03-12 16:13:33 DEBUG cache:45 - TemplateLoader.findTemplateSource("v3html/exception-view/v3-html-exception-view.ftl"): Found
2024-03-12 16:13:33 DEBUG cache:45 - Loading template for "v3html/exception-view/v3-html-exception-view.ftl"("en", UTF-8, parsed) from "jar:file:/C:/Users/User/.m2/repository/com/aventstack/extentreports/4.0.9/extentreports-4.0.9.jar!/com/aventstack/extentreports/view/v3html/exception-view/v3-html-exception-view.ftl"
2024-03-12 16:13:33 DEBUG cache:45 - Couldn't find template in cache for "v3html/author-view/v3-html-author-view.ftl"("en", UTF-8, parsed); will try to load it.
2024-03-12 16:13:33 DEBUG cache:45 - TemplateLoader.findTemplateSource("v3html/author-view/v3-html-author-view_en.ftl"): Not found
2024-03-12 16:13:33 DEBUG cache:45 - TemplateLoader.findTemplateSource("v3html/author-view/v3-html-author-view.ftl"): Found
2024-03-12 16:13:33 DEBUG cache:45 - Loading template for "v3html/author-view/v3-html-author-view.ftl"("en", UTF-8, parsed) from "jar:file:/C:/Users/User/.m2/repository/com/aventstack/extentreports/4.0.9/extentreports-4.0.9.jar!/com/aventstack/extentreports/view/v3html/author-view/v3-html-author-view.ftl"
2024-03-12 16:13:33 DEBUG cache:45 - Couldn't find template in cache for "v3html/dashboard-view/v3-html-dashboard-view.ftl"("en", UTF-8, parsed); will try to load it.
2024-03-12 16:13:33 DEBUG cache:45 - TemplateLoader.findTemplateSource("v3html/dashboard-view/v3-html-dashboard-view_en.ftl"): Not found
2024-03-12 16:13:33 DEBUG cache:45 - TemplateLoader.findTemplateSource("v3html/dashboard-view/v3-html-dashboard-view.ftl"): Found
2024-03-12 16:13:33 DEBUG cache:45 - Loading template for "v3html/dashboard-view/v3-html-dashboard-view.ftl"("en", UTF-8, parsed) from "jar:file:/C:/Users/User/.m2/repository/com/aventstack/extentreports/4.0.9/extentreports-4.0.9.jar!/com/aventstack/extentreports/view/v3html/dashboard-view/v3-html-dashboard-view.ftl"
2024-03-12 16:13:33 DEBUG cache:45 - Couldn't find template in cache for "v3html/logs-view/v3-html-testrunner-logs-view.ftl"("en", UTF-8, parsed); will try to load it.
2024-03-12 16:13:33 DEBUG cache:45 - TemplateLoader.findTemplateSource("v3html/logs-view/v3-html-testrunner-logs-view_en.ftl"): Not found
2024-03-12 16:13:33 DEBUG cache:45 - TemplateLoader.findTemplateSource("v3html/logs-view/v3-html-testrunner-logs-view.ftl"): Found
2024-03-12 16:13:33 DEBUG cache:45 - Loading template for "v3html/logs-view/v3-html-testrunner-logs-view.ftl"("en", UTF-8, parsed) from "jar:file:/C:/Users/User/.m2/repository/com/aventstack/extentreports/4.0.9/extentreports-4.0.9.jar!/com/aventstack/extentreports/view/v3html/logs-view/v3-html-testrunner-logs-view.ftl"
2024-03-12 16:20:54 INFO  Log:23 - Browser is going to open with url
2024-03-12 16:21:06 INFO  Log:12 - =====================================clicksignUp TEST START=========================================
2024-03-12 16:21:06 INFO  Log:23 - clicking on signin button
2024-03-12 16:21:09 INFO  Log:23 - clicked on sign in button
2024-03-12 16:21:09 INFO  Log:16 - =====================================clicksignup TEST END=========================================
2024-03-12 16:21:09 INFO  Log:23 - browser is going to close
2024-03-12 16:21:10 INFO  Log:23 - Browser is going to open with url
2024-03-12 16:21:24 INFO  Log:12 - =====================================titleee TEST START=========================================
2024-03-12 16:21:25 INFO  Log:23 - verifying act tile with expected title
2024-03-12 16:21:25 INFO  Log:23 - browser is going to close
2024-03-12 16:21:26 INFO  Log:23 - Browser is going to open with url
2024-03-12 16:21:39 INFO  Log:12 - =====================================verifyLogo TEST START=========================================
2024-03-12 16:21:39 INFO  Log:23 - index page logo validation starts
2024-03-12 16:21:39 INFO  Log:23 - Logo is verified successfully
2024-03-12 16:21:39 INFO  Log:16 - =====================================verifyLogo TEST END=========================================
2024-03-12 16:21:39 INFO  Log:23 - browser is going to close
2024-03-12 16:24:07 DEBUG cache:45 - Couldn't find template in cache for "v3html/v3-html-index.ftl"("en", UTF-8, parsed); will try to load it.
2024-03-12 16:24:07 DEBUG cache:45 - TemplateLoader.findTemplateSource("v3html/v3-html-index_en.ftl"): Not found
2024-03-12 16:24:07 DEBUG cache:45 - TemplateLoader.findTemplateSource("v3html/v3-html-index.ftl"): Found
2024-03-12 16:24:07 DEBUG cache:45 - Loading template for "v3html/v3-html-index.ftl"("en", UTF-8, parsed) from "jar:file:/C:/Users/User/.m2/repository/com/aventstack/extentreports/4.0.9/extentreports-4.0.9.jar!/com/aventstack/extentreports/view/v3html/v3-html-index.ftl"
2024-03-12 16:24:07 DEBUG cache:45 - Couldn't find template in cache for "v3html/v3-html-head.ftl"("en", UTF-8, parsed); will try to load it.
2024-03-12 16:24:07 DEBUG cache:45 - TemplateLoader.findTemplateSource("v3html/v3-html-head_en.ftl"): Not found
2024-03-12 16:24:07 DEBUG cache:45 - TemplateLoader.findTemplateSource("v3html/v3-html-head.ftl"): Found
2024-03-12 16:24:07 DEBUG cache:45 - Loading template for "v3html/v3-html-head.ftl"("en", UTF-8, parsed) from "jar:file:/C:/Users/User/.m2/repository/com/aventstack/extentreports/4.0.9/extentreports-4.0.9.jar!/com/aventstack/extentreports/view/v3html/v3-html-head.ftl"
2024-03-12 16:24:07 DEBUG cache:45 - Couldn't find template in cache for "v3html/v3-html-nav.ftl"("en", UTF-8, parsed); will try to load it.
2024-03-12 16:24:07 DEBUG cache:45 - TemplateLoader.findTemplateSource("v3html/v3-html-nav_en.ftl"): Not found
2024-03-12 16:24:07 DEBUG cache:45 - TemplateLoader.findTemplateSource("v3html/v3-html-nav.ftl"): Found
2024-03-12 16:24:07 DEBUG cache:45 - Loading template for "v3html/v3-html-nav.ftl"("en", UTF-8, parsed) from "jar:file:/C:/Users/User/.m2/repository/com/aventstack/extentreports/4.0.9/extentreports-4.0.9.jar!/com/aventstack/extentreports/view/v3html/v3-html-nav.ftl"
2024-03-12 16:24:07 DEBUG cache:45 - Couldn't find template in cache for "v3html/test-view/v3-html-test-view.ftl"("en", UTF-8, parsed); will try to load it.
2024-03-12 16:24:07 DEBUG cache:45 - TemplateLoader.findTemplateSource("v3html/test-view/v3-html-test-view_en.ftl"): Not found
2024-03-12 16:24:07 DEBUG cache:45 - TemplateLoader.findTemplateSource("v3html/test-view/v3-html-test-view.ftl"): Found
2024-03-12 16:24:07 DEBUG cache:45 - Loading template for "v3html/test-view/v3-html-test-view.ftl"("en", UTF-8, parsed) from "jar:file:/C:/Users/User/.m2/repository/com/aventstack/extentreports/4.0.9/extentreports-4.0.9.jar!/com/aventstack/extentreports/view/v3html/test-view/v3-html-test-view.ftl"
2024-03-12 16:24:07 DEBUG cache:45 - Couldn't find template in cache for "v3html/test-view/v3-html-test-view-charts.ftl"("en", UTF-8, parsed); will try to load it.
2024-03-12 16:24:07 DEBUG cache:45 - TemplateLoader.findTemplateSource("v3html/test-view/v3-html-test-view-charts_en.ftl"): Not found
2024-03-12 16:24:07 DEBUG cache:45 - TemplateLoader.findTemplateSource("v3html/test-view/v3-html-test-view-charts.ftl"): Found
2024-03-12 16:24:07 DEBUG cache:45 - Loading template for "v3html/test-view/v3-html-test-view-charts.ftl"("en", UTF-8, parsed) from "jar:file:/C:/Users/User/.m2/repository/com/aventstack/extentreports/4.0.9/extentreports-4.0.9.jar!/com/aventstack/extentreports/view/v3html/test-view/v3-html-test-view-charts.ftl"
2024-03-12 16:24:07 DEBUG cache:45 - Couldn't find template in cache for "v3html/test-view/v3-html-standard.ftl"("en", UTF-8, parsed); will try to load it.
2024-03-12 16:24:07 DEBUG cache:45 - TemplateLoader.findTemplateSource("v3html/test-view/v3-html-standard_en.ftl"): Not found
2024-03-12 16:24:07 DEBUG cache:45 - TemplateLoader.findTemplateSource("v3html/test-view/v3-html-standard.ftl"): Found
2024-03-12 16:24:07 DEBUG cache:45 - Loading template for "v3html/test-view/v3-html-standard.ftl"("en", UTF-8, parsed) from "jar:file:/C:/Users/User/.m2/repository/com/aventstack/extentreports/4.0.9/extentreports-4.0.9.jar!/com/aventstack/extentreports/view/v3html/test-view/v3-html-standard.ftl"
2024-03-12 16:24:07 DEBUG cache:45 - "v3html/test-view/v3-html-standard.ftl"("en", UTF-8, parsed) cached copy not yet stale; using cached.
2024-03-12 16:24:07 DEBUG cache:45 - "v3html/test-view/v3-html-standard.ftl"("en", UTF-8, parsed) cached copy not yet stale; using cached.
2024-03-12 16:24:07 DEBUG cache:45 - "v3html/test-view/v3-html-standard.ftl"("en", UTF-8, parsed) cached copy not yet stale; using cached.
2024-03-12 16:24:07 DEBUG cache:45 - "v3html/test-view/v3-html-standard.ftl"("en", UTF-8, parsed) cached copy not yet stale; using cached.
2024-03-12 16:24:07 DEBUG cache:45 - "v3html/test-view/v3-html-standard.ftl"("en", UTF-8, parsed) cached copy not yet stale; using cached.
2024-03-12 16:24:07 DEBUG cache:45 - Couldn't find template in cache for "v3html/category-view/v3-html-category-view.ftl"("en", UTF-8, parsed); will try to load it.
2024-03-12 16:24:07 DEBUG cache:45 - TemplateLoader.findTemplateSource("v3html/category-view/v3-html-category-view_en.ftl"): Not found
2024-03-12 16:24:07 DEBUG cache:45 - TemplateLoader.findTemplateSource("v3html/category-view/v3-html-category-view.ftl"): Found
2024-03-12 16:24:07 DEBUG cache:45 - Loading template for "v3html/category-view/v3-html-category-view.ftl"("en", UTF-8, parsed) from "jar:file:/C:/Users/User/.m2/repository/com/aventstack/extentreports/4.0.9/extentreports-4.0.9.jar!/com/aventstack/extentreports/view/v3html/category-view/v3-html-category-view.ftl"
2024-03-12 16:24:07 DEBUG cache:45 - Couldn't find template in cache for "v3html/exception-view/v3-html-exception-view.ftl"("en", UTF-8, parsed); will try to load it.
2024-03-12 16:24:07 DEBUG cache:45 - TemplateLoader.findTemplateSource("v3html/exception-view/v3-html-exception-view_en.ftl"): Not found
2024-03-12 16:24:07 DEBUG cache:45 - TemplateLoader.findTemplateSource("v3html/exception-view/v3-html-exception-view.ftl"): Found
2024-03-12 16:24:07 DEBUG cache:45 - Loading template for "v3html/exception-view/v3-html-exception-view.ftl"("en", UTF-8, parsed) from "jar:file:/C:/Users/User/.m2/repository/com/aventstack/extentreports/4.0.9/extentreports-4.0.9.jar!/com/aventstack/extentreports/view/v3html/exception-view/v3-html-exception-view.ftl"
2024-03-12 16:24:07 DEBUG cache:45 - Couldn't find template in cache for "v3html/author-view/v3-html-author-view.ftl"("en", UTF-8, parsed); will try to load it.
2024-03-12 16:24:07 DEBUG cache:45 - TemplateLoader.findTemplateSource("v3html/author-view/v3-html-author-view_en.ftl"): Not found
2024-03-12 16:24:07 DEBUG cache:45 - TemplateLoader.findTemplateSource("v3html/author-view/v3-html-author-view.ftl"): Found
2024-03-12 16:24:07 DEBUG cache:45 - Loading template for "v3html/author-view/v3-html-author-view.ftl"("en", UTF-8, parsed) from "jar:file:/C:/Users/User/.m2/repository/com/aventstack/extentreports/4.0.9/extentreports-4.0.9.jar!/com/aventstack/extentreports/view/v3html/author-view/v3-html-author-view.ftl"
2024-03-12 16:24:07 DEBUG cache:45 - Couldn't find template in cache for "v3html/dashboard-view/v3-html-dashboard-view.ftl"("en", UTF-8, parsed); will try to load it.
2024-03-12 16:24:07 DEBUG cache:45 - TemplateLoader.findTemplateSource("v3html/dashboard-view/v3-html-dashboard-view_en.ftl"): Not found
2024-03-12 16:24:07 DEBUG cache:45 - TemplateLoader.findTemplateSource("v3html/dashboard-view/v3-html-dashboard-view.ftl"): Found
2024-03-12 16:24:07 DEBUG cache:45 - Loading template for "v3html/dashboard-view/v3-html-dashboard-view.ftl"("en", UTF-8, parsed) from "jar:file:/C:/Users/User/.m2/repository/com/aventstack/extentreports/4.0.9/extentreports-4.0.9.jar!/com/aventstack/extentreports/view/v3html/dashboard-view/v3-html-dashboard-view.ftl"
2024-03-12 16:24:07 DEBUG cache:45 - Couldn't find template in cache for "v3html/logs-view/v3-html-testrunner-logs-view.ftl"("en", UTF-8, parsed); will try to load it.
2024-03-12 16:24:07 DEBUG cache:45 - TemplateLoader.findTemplateSource("v3html/logs-view/v3-html-testrunner-logs-view_en.ftl"): Not found
2024-03-12 16:24:07 DEBUG cache:45 - TemplateLoader.findTemplateSource("v3html/logs-view/v3-html-testrunner-logs-view.ftl"): Found
2024-03-12 16:24:07 DEBUG cache:45 - Loading template for "v3html/logs-view/v3-html-testrunner-logs-view.ftl"("en", UTF-8, parsed) from "jar:file:/C:/Users/User/.m2/repository/com/aventstack/extentreports/4.0.9/extentreports-4.0.9.jar!/com/aventstack/extentreports/view/v3html/logs-view/v3-html-testrunner-logs-view.ftl"
